<?xml version="1.0" encoding="UTF-8"?>
<messaging-deployment xmlns="urn:jboss:messaging-deployment:1.0">
    <hornetq-server>
        <jms-destinations>
            <jms-queue name="testQueue">
                <entry name="queue/test"/>
                <entry name="java:jboss/exported/jms/queue/test"/>
            </jms-queue>
        </jms-destinations>
    </hornetq-server>
</messaging-deployment>
